Determining if the pthread_create exist failed with the following output:
Change Dir: /home/jt/catkin_ws/build/CMakeFiles/CMakeTmp

Run Build Command:"/usr/bin/make" "cmTC_bc1d1/fast"
/usr/bin/make -f CMakeFiles/cmTC_bc1d1.dir/build.make CMakeFiles/cmTC_bc1d1.dir/build
make[1]: Entering directory '/home/jt/catkin_ws/build/CMakeFiles/CMakeTmp'
Building C object CMakeFiles/cmTC_bc1d1.dir/CheckSymbolExists.c.o
/usr/bin/cc    -o CMakeFiles/cmTC_bc1d1.dir/CheckSymbolExists.c.o   -c /home/jt/catkin_ws/build/CMakeFiles/CMakeTmp/CheckSymbolExists.c
Linking C executable cmTC_bc1d1
/usr/local/bin/cmake -E cmake_link_script CMakeFiles/cmTC_bc1d1.dir/link.txt --verbose=1
/usr/bin/cc      -rdynamic CMakeFiles/cmTC_bc1d1.dir/CheckSymbolExists.c.o  -o cmTC_bc1d1 
CMakeFiles/cmTC_bc1d1.dir/CheckSymbolExists.c.o：在函数‘main’中：
CheckSymbolExists.c:(.text+0x16)：对‘pthread_create’未定义的引用
collect2: error: ld returned 1 exit status
CMakeFiles/cmTC_bc1d1.dir/build.make:86: recipe for target 'cmTC_bc1d1' failed
make[1]: *** [cmTC_bc1d1] Error 1
make[1]: Leaving directory '/home/jt/catkin_ws/build/CMakeFiles/CMakeTmp'
Makefile:121: recipe for target 'cmTC_bc1d1/fast' failed
make: *** [cmTC_bc1d1/fast] Error 2

File /home/jt/catkin_ws/build/CMakeFiles/CMakeTmp/CheckSymbolExists.c:
/* */
#include <pthread.h>

int main(int argc, char** argv)
{
  (void)argv;
#ifndef pthread_create
  return ((int*)(&pthread_create))[argc];
#else
  (void)argc;
  return 0;
#endif
}

Determining if the function pthread_create exists in the pthreads failed with the following output:
Change Dir: /home/jt/catkin_ws/build/CMakeFiles/CMakeTmp

Run Build Command:"/usr/bin/make" "cmTC_95042/fast"
/usr/bin/make -f CMakeFiles/cmTC_95042.dir/build.make CMakeFiles/cmTC_95042.dir/build
make[1]: Entering directory '/home/jt/catkin_ws/build/CMakeFiles/CMakeTmp'
Building C object CMakeFiles/cmTC_95042.dir/CheckFunctionExists.c.o
/usr/bin/cc   -DCHECK_FUNCTION_EXISTS=pthread_create   -o CMakeFiles/cmTC_95042.dir/CheckFunctionExists.c.o   -c /usr/local/share/cmake-3.12/Modules/CheckFunctionExists.c
Linking C executable cmTC_95042
/usr/local/bin/cmake -E cmake_link_script CMakeFiles/cmTC_95042.dir/link.txt --verbose=1
/usr/bin/cc  -DCHECK_FUNCTION_EXISTS=pthread_create    -rdynamic CMakeFiles/cmTC_95042.dir/CheckFunctionExists.c.o  -o cmTC_95042 -lpthreads 
/usr/bin/ld: 找不到 -lpthreads
collect2: error: ld returned 1 exit status
CMakeFiles/cmTC_95042.dir/build.make:86: recipe for target 'cmTC_95042' failed
make[1]: *** [cmTC_95042] Error 1
make[1]: Leaving directory '/home/jt/catkin_ws/build/CMakeFiles/CMakeTmp'
Makefile:121: recipe for target 'cmTC_95042/fast' failed
make: *** [cmTC_95042/fast] Error 2


